<?xml version="1.0" encoding="UTF-8"?>
<testsuite xmlns:xsi="http://www.w3.org/2001/XMLSchema-instance" xsi:noNamespaceSchemaLocation="https://maven.apache.org/surefire/maven-surefire-plugin/xsd/surefire-test-report.xsd" version="3.0.2" name="com.example.proyectonube.ProyectoNubeApplicationTests" time="3.588" tests="1" errors="0" skipped="0" failures="0">
  <properties>
[...]
</properties>
  <testcase name="contextLoads" classname="com.example.proyectonube.ProyectoNubeApplicationTests" time="0.603">
    <system-out><![CDATA[08:08:26.963 [main] INFO org.springframework.test.context.support.AnnotationConfigContextLoaderUtils -- Could not detect default configuration classes for test class [com.example.proyectonube.ProyectoNubeApplicationTests]: ProyectoNubeApplicationTests does not declare any static, non-private, non-final, nested classes annotated with @Configuration.
08:08:27.058 [main] INFO org.springframework.boot.test.context.SpringBootTestContextBootstrapper -- Found @SpringBootConfiguration com.example.proyectonube.ProyectoNubeApplication for test class com.example.proyectonube.ProyectoNubeApplicationTests

  .   ____          _            __ _ _
 /\\ / ___'_ __ _ _(_)_ __  __ _ \ \ \ \
( ( )\___ | '_ | '_| | '_ \/ _` | \ \ \ \
 \\/  ___)| |_)| | | | | || (_| |  ) ) ) )
  '  |____| .__|_| |_|_| |_\__, | / / / /
 =========|_|==============|___/=/_/_/_/

 :: Spring Boot ::                (v3.5.6)

2025-10-03T08:08:27.471-05:00  INFO 33396 --- [ProyectoNube] [           main] c.e.p.ProyectoNubeApplicationTests       : Starting ProyectoNubeApplicationTests using Java 17.0.12 with PID 33396 (started by mauca in C:\Cursos\Trabajos\ProyectoNube)
2025-10-03T08:08:27.472-05:00  INFO 33396 --- [ProyectoNube] [           main] c.e.p.ProyectoNubeApplicationTests       : No active profile set, falling back to 1 default profile: "default"
2025-10-03T08:08:28.630-05:00  INFO 33396 --- [ProyectoNube] [           main] r$InitializeUserDetailsManagerConfigurer : Global AuthenticationManager configured with UserDetailsService bean with name userDetailsService
2025-10-03T08:08:29.084-05:00  INFO 33396 --- [ProyectoNube] [           main] o.s.b.a.e.web.EndpointLinksResolver      : Exposing 1 endpoint beneath base path '/actuator'
2025-10-03T08:08:29.741-05:00  INFO 33396 --- [ProyectoNube] [           main] c.e.p.ProyectoNubeApplicationTests       : Started ProyectoNubeApplicationTests in 2.527 seconds (process running for 3.304)
]]></system-out>
  </testcase>
</testsuite>